<?xml version="1.0" encoding="UTF-8"?>
<testsuite xmlns:xsi="http://www.w3.org/2001/XMLSchema-instance" xsi:noNamespaceSchemaLocation="https://maven.apache.org/surefire/maven-surefire-plugin/xsd/surefire-test-report.xsd" version="3.0.2" name="com.milestone.demo.MilestoneProjectApplicationTests" time="2.972" tests="1" errors="0" skipped="0" failures="0">
  <properties>
[...]
</properties>
  <testcase name="contextLoads" classname="com.milestone.demo.MilestoneProjectApplicationTests" time="0.393">
    <system-out><![CDATA[14:20:22.282 [main] INFO org.springframework.test.context.support.AnnotationConfigContextLoaderUtils -- Could not detect default configuration classes for test class [com.milestone.demo.MilestoneProjectApplicationTests]: MilestoneProjectApplicationTests does not declare any static, non-private, non-final, nested classes annotated with @Configuration.
14:20:22.356 [main] INFO org.springframework.boot.test.context.SpringBootTestContextBootstrapper -- Found @SpringBootConfiguration com.milestone.MilestoneProjectApplication for test class com.milestone.demo.MilestoneProjectApplicationTests
14:20:22.450 [main] INFO org.springframework.boot.devtools.restart.RestartApplicationListener -- Restart disabled due to context in which it is running

  .   ____          _            __ _ _
 /\\ / ___'_ __ _ _(_)_ __  __ _ \ \ \ \
( ( )\___ | '_ | '_| | '_ \/ _` | \ \ \ \
 \\/  ___)| |_)| | | | | || (_| |  ) ) ) )
  '  |____| .__|_| |_|_| |_\__, | / / / /
 =========|_|==============|___/=/_/_/_/

 :: Spring Boot ::                (v3.4.8)

2025-11-09T14:20:22.718-07:00  INFO 55320 --- [MilestoneProject] [           main] c.m.d.MilestoneProjectApplicationTests   : Starting MilestoneProjectApplicationTests using Java 22.0.2 with PID 55320 (started by admin in C:\Users\admin\Documents\GCU\2025\semester 1\CST-339\week10\MilestoneProject-main\MilestoneProject-main)
2025-11-09T14:20:22.720-07:00  INFO 55320 --- [MilestoneProject] [           main] c.m.d.MilestoneProjectApplicationTests   : No active profile set, falling back to 1 default profile: "default"
2025-11-09T14:20:23.449-07:00  INFO 55320 --- [MilestoneProject] [           main] .s.d.r.c.RepositoryConfigurationDelegate : Bootstrapping Spring Data JDBC repositories in DEFAULT mode.
2025-11-09T14:20:23.487-07:00  INFO 55320 --- [MilestoneProject] [           main] .s.d.r.c.RepositoryConfigurationDelegate : Finished Spring Data repository scanning in 32 ms. Found 2 JDBC repository interfaces.
2025-11-09T14:20:23.706-07:00  INFO 55320 --- [MilestoneProject] [           main] com.zaxxer.hikari.HikariDataSource       : HikariPool-1 - Starting...
2025-11-09T14:20:23.915-07:00  INFO 55320 --- [MilestoneProject] [           main] com.zaxxer.hikari.pool.HikariPool        : HikariPool-1 - Added connection com.mysql.cj.jdbc.ConnectionImpl@66f5b8fe
2025-11-09T14:20:23.916-07:00  INFO 55320 --- [MilestoneProject] [           main] com.zaxxer.hikari.HikariDataSource       : HikariPool-1 - Start completed.
2025-11-09T14:20:24.754-07:00  INFO 55320 --- [MilestoneProject] [           main] c.m.d.MilestoneProjectApplicationTests   : Started MilestoneProjectApplicationTests in 2.313 seconds (process running for 2.85)
]]></system-out>
    <system-err><![CDATA[Mockito is currently self-attaching to enable the inline-mock-maker. This will no longer work in future releases of the JDK. Please add Mockito as an agent to your build what is described in Mockito's documentation: https://javadoc.io/doc/org.mockito/mockito-core/latest/org/mockito/Mockito.html#0.3
WARNING: A Java agent has been loaded dynamically (C:\Users\admin\.m2\repository\net\bytebuddy\byte-buddy-agent\1.15.11\byte-buddy-agent-1.15.11.jar)
WARNING: If a serviceability tool is in use, please run with -XX:+EnableDynamicAgentLoading to hide this warning
WARNING: If a serviceability tool is not in use, please run with -Djdk.instrument.traceUsage for more information
WARNING: Dynamic loading of agents will be disallowed by default in a future release
]]></system-err>
  </testcase>
</testsuite>